<?xml version="1.0" encoding="UTF-8"?>
<!-- Generated by org.testng.reporters.JUnitReportReporter -->
<testsuite skipped="0" hostname="deh-mbp" name="rdSeleniumTests.rdStuReaderEpub3" tests="5" failures="0" timestamp="06 Sep 2018 16:27:19 GMT" time="25.463" errors="0">
  <testcase name="openEpub3" time="4.011" classname="rdSeleniumTests.rdStuReaderEpub3"/>
  <testcase name="prevPageEpub3" time="5.278" classname="rdSeleniumTests.rdStuReaderEpub3"/>
  <testcase name="userLoginEpub3" time="2.421" classname="rdSeleniumTests.rdStuReaderEpub3"/>
  <testcase name="chapterNav" time="8.946" classname="rdSeleniumTests.rdStuReaderEpub3"/>
  <testcase name="nextPageEpub3" time="4.807" classname="rdSeleniumTests.rdStuReaderEpub3"/>
</testsuite> <!-- rdSeleniumTests.rdStuReaderEpub3 -->
