<?xml version="1.0" encoding="UTF-8"?>
<!-- Generated by org.testng.reporters.JUnitReportReporter -->
<testsuite skipped="0" hostname="deh-mbp" name="rdSeleniumTests.rdStuReaderPdfToEpub" tests="5" failures="0" timestamp="06 Sep 2018 19:58:12 GMT" time="24.870" errors="0">
  <testcase name="chapterNavPdf" time="9.867" classname="rdSeleniumTests.rdStuReaderPdfToEpub"/>
  <testcase name="userLoginPdf" time="2.422" classname="rdSeleniumTests.rdStuReaderPdfToEpub"/>
  <testcase name="nextPagePdf" time="3.795" classname="rdSeleniumTests.rdStuReaderPdfToEpub"/>
  <testcase name="openPdf" time="3.762" classname="rdSeleniumTests.rdStuReaderPdfToEpub"/>
  <testcase name="prevPagePdf" time="5.024" classname="rdSeleniumTests.rdStuReaderPdfToEpub"/>
</testsuite> <!-- rdSeleniumTests.rdStuReaderPdfToEpub -->
