<?xml version="1.0" encoding="UTF-8"?>
<!-- Generated by org.testng.reporters.JUnitReportReporter -->
<testsuite skipped="0" hostname="deh-mbp" name="rdSeleniumTests.rdStuReaderPdf" tests="5" failures="0" timestamp="06 Sep 2018 18:15:42 GMT" time="18.389" errors="0">
  <testcase name="nextPagePdf" time="2.779" classname="rdSeleniumTests.rdStuReaderPdf"/>
  <testcase name="userLoginPdf" time="2.354" classname="rdSeleniumTests.rdStuReaderPdf"/>
  <testcase name="prevPagePdf" time="2.704" classname="rdSeleniumTests.rdStuReaderPdf"/>
  <testcase name="openPdf" time="1.489" classname="rdSeleniumTests.rdStuReaderPdf"/>
  <testcase name="chapterNavPdf" time="9.063" classname="rdSeleniumTests.rdStuReaderPdf"/>
</testsuite> <!-- rdSeleniumTests.rdStuReaderPdf -->
