<?xml version="1.0" encoding="UTF-8"?>
<!-- Generated by org.testng.reporters.JUnitReportReporter -->
<testsuite skipped="0" hostname="deh-mbp" name="rdSeleniumTests.rdAdminConsole" tests="10" failures="0" timestamp="21 Aug 2018 17:22:21 GMT" time="27.888" errors="0">
  <testcase name="adminEditUserPub" time="2.013" classname="rdSeleniumTests.rdAdminConsole"/>
  <testcase name="adminEditUserStu" time="1.997" classname="rdSeleniumTests.rdAdminConsole"/>
  <testcase name="adminLogin" time="1.866" classname="rdSeleniumTests.rdAdminConsole"/>
  <testcase name="adminDeleteUserPub" time="1.877" classname="rdSeleniumTests.rdAdminConsole"/>
  <testcase name="adminDeleteUserStu" time="1.873" classname="rdSeleniumTests.rdAdminConsole"/>
  <testcase name="adminCreateUserAdmin" time="5.144" classname="rdSeleniumTests.rdAdminConsole"/>
  <testcase name="adminDeleteUserAdmin" time="2.120" classname="rdSeleniumTests.rdAdminConsole"/>
  <testcase name="adminEditUserAdmin" time="2.051" classname="rdSeleniumTests.rdAdminConsole"/>
  <testcase name="adminCreateUserPub" time="4.575" classname="rdSeleniumTests.rdAdminConsole"/>
  <testcase name="adminCreateUserStu" time="4.372" classname="rdSeleniumTests.rdAdminConsole"/>
</testsuite> <!-- rdSeleniumTests.rdAdminConsole -->
