<?xml version="1.0" encoding="UTF-8"?>
<!-- Generated by org.testng.reporters.JUnitReportReporter -->
<testsuite skipped="0" hostname="deh-mbp" name="rdSeleniumTests.rdStuReaderEpub2" tests="5" failures="0" timestamp="06 Sep 2018 15:52:40 GMT" time="16.154" errors="0">
  <testcase name="openEpub2" time="2.896" classname="rdSeleniumTests.rdStuReaderEpub2"/>
  <testcase name="prevPageEpub3" time="2.765" classname="rdSeleniumTests.rdStuReaderEpub2"/>
  <testcase name="userLoginEpub2" time="2.477" classname="rdSeleniumTests.rdStuReaderEpub2"/>
  <testcase name="chapterNav" time="5.378" classname="rdSeleniumTests.rdStuReaderEpub2"/>
  <testcase name="nextPageEpub3" time="2.638" classname="rdSeleniumTests.rdStuReaderEpub2"/>
</testsuite> <!-- rdSeleniumTests.rdStuReaderEpub2 -->
