<?xml version="1.0" encoding="UTF-8"?>
<!-- Generated by org.testng.reporters.JUnitReportReporter -->
<testsuite skipped="0" hostname="deh-mbp" name="rdSeleniumTests.rdPublisherBookUpload" tests="4" failures="0" timestamp="17 May 2017 19:09:10 GMT" time="18.324" errors="0">
  <testcase name="uploadPdf" time="4.785" classname="rdSeleniumTests.rdPublisherBookUpload"/>
  <testcase name="uploadEpub2" time="4.270" classname="rdSeleniumTests.rdPublisherBookUpload"/>
  <testcase name="publisherLogin" time="3.367" classname="rdSeleniumTests.rdPublisherBookUpload"/>
  <testcase name="uploadEpub3" time="5.902" classname="rdSeleniumTests.rdPublisherBookUpload"/>
</testsuite> <!-- rdSeleniumTests.rdPublisherBookUpload -->
