<?xml version="1.0" encoding="UTF-8"?>
<!-- Generated by org.testng.reporters.JUnitReportReporter -->
<testsuite skipped="0" hostname="deh-mbp" name="rdSeleniumTests.rdStuReaderNav" tests="2" failures="0" timestamp="10 Apr 2017 14:35:26 GMT" time="7.271" errors="0">
  <testcase name="readerNavEpub2" time="4.341" classname="rdSeleniumTests.rdStuReaderNav"/>
  <testcase name="userLogin" time="2.930" classname="rdSeleniumTests.rdStuReaderNav"/>
</testsuite> <!-- rdSeleniumTests.rdStuReaderNav -->
