<?xml version="1.0" encoding="UTF-8"?>
<!-- Generated by org.testng.reporters.JUnitReportReporter -->
<testsuite skipped="0" hostname="deh-mbp" name="rdSeleniumTests.rdStuReaderPdfToBitmap" tests="5" failures="0" timestamp="06 Sep 2018 18:20:33 GMT" time="23.033" errors="0">
  <testcase name="chapterNavPdf" time="11.117" classname="rdSeleniumTests.rdStuReaderPdfToBitmap"/>
  <testcase name="userLoginPdf" time="3.135" classname="rdSeleniumTests.rdStuReaderPdfToBitmap"/>
  <testcase name="nextPagePdf" time="2.973" classname="rdSeleniumTests.rdStuReaderPdfToBitmap"/>
  <testcase name="openPdf" time="2.813" classname="rdSeleniumTests.rdStuReaderPdfToBitmap"/>
  <testcase name="prevPagePdf" time="2.995" classname="rdSeleniumTests.rdStuReaderPdfToBitmap"/>
</testsuite> <!-- rdSeleniumTests.rdStuReaderPdfToBitmap -->
