<?xml version="1.0" encoding="UTF-8"?>
<!-- Generated by org.testng.reporters.JUnitReportReporter -->
<testsuite skipped="0" hostname="deh-mbp" name="rdSeleniumTests.rdPublisherBookManagement" tests="10" failures="0" timestamp="06 Sep 2018 14:56:50 GMT" time="38.449" errors="0">
  <testcase name="publisherLogin" time="2.311" classname="rdSeleniumTests.rdPublisherBookManagement"/>
  <testcase name="editEpub3" time="5.461" classname="rdSeleniumTests.rdPublisherBookManagement"/>
  <testcase name="deleteEpub2" time="2.283" classname="rdSeleniumTests.rdPublisherBookManagement"/>
  <testcase name="deletePdf" time="2.127" classname="rdSeleniumTests.rdPublisherBookManagement"/>
  <testcase name="deleteEpub3" time="2.209" classname="rdSeleniumTests.rdPublisherBookManagement"/>
  <testcase name="editEpub2" time="5.567" classname="rdSeleniumTests.rdPublisherBookManagement"/>
  <testcase name="editPdf" time="5.503" classname="rdSeleniumTests.rdPublisherBookManagement"/>
  <testcase name="uploadPdf" time="4.348" classname="rdSeleniumTests.rdPublisherBookManagement"/>
  <testcase name="uploadEpub2" time="3.997" classname="rdSeleniumTests.rdPublisherBookManagement"/>
  <testcase name="uploadEpub3" time="4.643" classname="rdSeleniumTests.rdPublisherBookManagement"/>
</testsuite> <!-- rdSeleniumTests.rdPublisherBookManagement -->
