<?xml version="1.0" encoding="UTF-8"?>
<!-- Generated by org.testng.reporters.JUnitReportReporter -->
<testsuite skipped="0" hostname="deh-mbp" name="rdSeleniumTests.rdPubOverlays" tests="4" failures="0" timestamp="13 Jul 2017 20:15:41 GMT" time="6.939" errors="0">
  <testcase name="overlaysOpenEpub2" time="2.847" classname="rdSeleniumTests.rdPubOverlays"/>
  <testcase name="publisherLogin" time="3.158" classname="rdSeleniumTests.rdPubOverlays"/>
  <testcase name="overlaysNavigateToChapter" time="0.877" classname="rdSeleniumTests.rdPubOverlays"/>
  <testcase name="overlaysCreateTextOverlay" time="0.057" classname="rdSeleniumTests.rdPubOverlays"/>
</testsuite> <!-- rdSeleniumTests.rdPubOverlays -->
